2025-12-17 04:44:40.529 [] [] [] [background-preinit] INFO  o.h.validator.internal.util.Version - HV000001: Hibernate Validator 8.0.3.Final
2025-12-17 04:44:40.720 [] [] [] [restartedMain] INFO  c.s.SuiviAcademiqueApplication - Starting SuiviAcademiqueApplication using Java 21.0.9 with PID 17472 (D:\MP4_EADL\autodidacte\15\suivie_academique\target\classes started by TRUMD in D:\MP4_EADL\autodidacte\15\suivie_academique)
2025-12-17 04:44:40.729 [] [] [] [restartedMain] INFO  c.s.SuiviAcademiqueApplication - No active profile set, falling back to 1 default profile: "default"
2025-12-17 04:44:40.913 [] [] [] [restartedMain] INFO  o.s.b.d.e.DevToolsPropertyDefaultsPostProcessor - Devtools property defaults active! Set 'spring.devtools.add-properties' to 'false' to disable
2025-12-17 04:44:40.918 [] [] [] [restartedMain] INFO  o.s.b.d.e.DevToolsPropertyDefaultsPostProcessor - For additional web related logging consider setting the 'logging.level.web' property to 'DEBUG'
2025-12-17 04:44:44.928 [] [] [] [restartedMain] INFO  o.s.d.r.c.RepositoryConfigurationDelegate - Bootstrapping Spring Data JPA repositories in DEFAULT mode.
2025-12-17 04:44:45.107 [] [] [] [restartedMain] INFO  o.s.d.r.c.RepositoryConfigurationDelegate - Finished Spring Data repository scanning in 160 ms. Found 5 JPA repository interfaces.
2025-12-17 04:44:47.520 [] [] [] [restartedMain] INFO  o.s.b.w.e.tomcat.TomcatWebServer - Tomcat initialized with port 8089 (http)
2025-12-17 04:44:47.545 [] [] [] [restartedMain] INFO  o.a.coyote.http11.Http11NioProtocol - Initializing ProtocolHandler ["http-nio-8089"]
2025-12-17 04:44:47.548 [] [] [] [restartedMain] INFO  o.a.catalina.core.StandardService - Starting service [Tomcat]
2025-12-17 04:44:47.552 [] [] [] [restartedMain] INFO  o.a.catalina.core.StandardEngine - Starting Servlet engine: [Apache Tomcat/10.1.48]
2025-12-17 04:44:47.643 [] [] [] [restartedMain] INFO  o.a.c.c.C.[Tomcat].[localhost].[/] - Initializing Spring embedded WebApplicationContext
2025-12-17 04:44:47.643 [] [] [] [restartedMain] INFO  o.s.b.w.s.c.ServletWebServerApplicationContext - Root WebApplicationContext: initialization completed in 6720 ms
2025-12-17 04:44:48.415 [] [] [] [restartedMain] INFO  o.h.jpa.internal.util.LogHelper - HHH000204: Processing PersistenceUnitInfo [name: default]
2025-12-17 04:44:48.535 [] [] [] [restartedMain] INFO  org.hibernate.Version - HHH000412: Hibernate ORM core version 6.6.33.Final
2025-12-17 04:44:48.606 [] [] [] [restartedMain] INFO  o.h.c.i.RegionFactoryInitiator - HHH000026: Second-level cache disabled
2025-12-17 04:44:49.217 [] [] [] [restartedMain] INFO  o.s.o.j.p.SpringPersistenceUnitInfo - No LoadTimeWeaver setup: ignoring JPA class transformer
2025-12-17 04:44:49.332 [] [] [] [restartedMain] INFO  com.zaxxer.hikari.HikariDataSource - HikariPool-1 - Starting...
2025-12-17 04:44:49.809 [] [] [] [restartedMain] INFO  com.zaxxer.hikari.pool.HikariPool - HikariPool-1 - Added connection com.mysql.cj.jdbc.ConnectionImpl@70895f0b
2025-12-17 04:44:49.814 [] [] [] [restartedMain] INFO  com.zaxxer.hikari.HikariDataSource - HikariPool-1 - Start completed.
2025-12-17 04:44:50.030 [] [] [] [restartedMain] INFO  o.hibernate.orm.connections.pooling - HHH10001005: Database info:
	Database JDBC URL [Connecting through datasource 'HikariDataSource (HikariPool-1)']
	Database driver: undefined/unknown
	Database version: 5.5.5
	Autocommit mode: undefined/unknown
	Isolation level: undefined/unknown
	Minimum pool size: undefined/unknown
	Maximum pool size: undefined/unknown
2025-12-17 04:44:52.468 [] [] [] [restartedMain] INFO  o.h.e.t.j.p.i.JtaPlatformInitiator - HHH000489: No JTA platform available (set 'hibernate.transaction.jta.platform' to enable JTA platform integration)
2025-12-17 04:44:52.766 [] [] [] [restartedMain] INFO  o.s.o.j.LocalContainerEntityManagerFactoryBean - Initialized JPA EntityManagerFactory for persistence unit 'default'
2025-12-17 04:44:53.465 [] [] [] [restartedMain] INFO  o.s.d.j.r.query.QueryEnhancerFactory - Hibernate is in classpath; If applicable, HQL parser will be used.
2025-12-17 04:44:55.761 [] [] [] [restartedMain] INFO  o.s.s.c.a.a.c.InitializeAuthenticationProviderBeanManagerConfigurer$InitializeAuthenticationProviderManagerConfigurer - Global AuthenticationManager configured with AuthenticationProvider bean with name authenticationProvider
2025-12-17 04:44:58.779 [] [] [] [restartedMain] INFO  o.s.b.a.e.web.EndpointLinksResolver - Exposing 1 endpoint beneath base path '/actuator'
2025-12-17 04:44:59.060 [] [] [] [restartedMain] INFO  o.s.o.j.LocalContainerEntityManagerFactoryBean - Closing JPA EntityManagerFactory for persistence unit 'default'
2025-12-17 04:44:59.066 [] [] [] [restartedMain] INFO  com.zaxxer.hikari.HikariDataSource - HikariPool-1 - Shutdown initiated...
2025-12-17 04:44:59.092 [] [] [] [restartedMain] INFO  com.zaxxer.hikari.HikariDataSource - HikariPool-1 - Shutdown completed.
2025-12-17 04:44:59.098 [] [] [] [restartedMain] INFO  o.a.catalina.core.StandardService - Stopping service [Tomcat]
2025-12-17 04:44:59.173 [] [] [] [restartedMain] INFO  o.s.b.a.l.ConditionEvaluationReportLogger - 

Error starting ApplicationContext. To display the condition evaluation report re-run your application with 'debug' enabled.
2025-12-17 04:51:29.570 [] [] [] [background-preinit] INFO  o.h.validator.internal.util.Version - HV000001: Hibernate Validator 8.0.3.Final
2025-12-17 04:51:29.652 [] [] [] [restartedMain] INFO  c.s.SuiviAcademiqueApplication - Starting SuiviAcademiqueApplication using Java 21.0.9 with PID 21904 (D:\MP4_EADL\autodidacte\15\suivie_academique\target\classes started by TRUMD in D:\MP4_EADL\autodidacte\15\suivie_academique)
2025-12-17 04:51:29.656 [] [] [] [restartedMain] INFO  c.s.SuiviAcademiqueApplication - No active profile set, falling back to 1 default profile: "default"
2025-12-17 04:51:29.738 [] [] [] [restartedMain] INFO  o.s.b.d.e.DevToolsPropertyDefaultsPostProcessor - Devtools property defaults active! Set 'spring.devtools.add-properties' to 'false' to disable
2025-12-17 04:51:29.738 [] [] [] [restartedMain] INFO  o.s.b.d.e.DevToolsPropertyDefaultsPostProcessor - For additional web related logging consider setting the 'logging.level.web' property to 'DEBUG'
2025-12-17 04:51:32.180 [] [] [] [restartedMain] INFO  o.s.d.r.c.RepositoryConfigurationDelegate - Bootstrapping Spring Data JPA repositories in DEFAULT mode.
2025-12-17 04:51:32.344 [] [] [] [restartedMain] INFO  o.s.d.r.c.RepositoryConfigurationDelegate - Finished Spring Data repository scanning in 144 ms. Found 5 JPA repository interfaces.
2025-12-17 04:51:34.186 [] [] [] [restartedMain] INFO  o.s.b.w.e.tomcat.TomcatWebServer - Tomcat initialized with port 8089 (http)
2025-12-17 04:51:34.220 [] [] [] [restartedMain] INFO  o.a.coyote.http11.Http11NioProtocol - Initializing ProtocolHandler ["http-nio-8089"]
2025-12-17 04:51:34.224 [] [] [] [restartedMain] INFO  o.a.catalina.core.StandardService - Starting service [Tomcat]
2025-12-17 04:51:34.225 [] [] [] [restartedMain] INFO  o.a.catalina.core.StandardEngine - Starting Servlet engine: [Apache Tomcat/10.1.48]
2025-12-17 04:51:34.368 [] [] [] [restartedMain] INFO  o.a.c.c.C.[Tomcat].[localhost].[/] - Initializing Spring embedded WebApplicationContext
2025-12-17 04:51:34.368 [] [] [] [restartedMain] INFO  o.s.b.w.s.c.ServletWebServerApplicationContext - Root WebApplicationContext: initialization completed in 4629 ms
2025-12-17 04:51:35.239 [] [] [] [restartedMain] INFO  o.h.jpa.internal.util.LogHelper - HHH000204: Processing PersistenceUnitInfo [name: default]
2025-12-17 04:51:35.375 [] [] [] [restartedMain] INFO  org.hibernate.Version - HHH000412: Hibernate ORM core version 6.6.33.Final
2025-12-17 04:51:35.464 [] [] [] [restartedMain] INFO  o.h.c.i.RegionFactoryInitiator - HHH000026: Second-level cache disabled
2025-12-17 04:51:36.038 [] [] [] [restartedMain] INFO  o.s.o.j.p.SpringPersistenceUnitInfo - No LoadTimeWeaver setup: ignoring JPA class transformer
2025-12-17 04:51:36.100 [] [] [] [restartedMain] INFO  com.zaxxer.hikari.HikariDataSource - HikariPool-1 - Starting...
2025-12-17 04:51:36.469 [] [] [] [restartedMain] INFO  com.zaxxer.hikari.pool.HikariPool - HikariPool-1 - Added connection com.mysql.cj.jdbc.ConnectionImpl@65b585c5
2025-12-17 04:51:36.472 [] [] [] [restartedMain] INFO  com.zaxxer.hikari.HikariDataSource - HikariPool-1 - Start completed.
2025-12-17 04:51:36.622 [] [] [] [restartedMain] INFO  o.hibernate.orm.connections.pooling - HHH10001005: Database info:
	Database JDBC URL [Connecting through datasource 'HikariDataSource (HikariPool-1)']
	Database driver: undefined/unknown
	Database version: 5.5.5
	Autocommit mode: undefined/unknown
	Isolation level: undefined/unknown
	Minimum pool size: undefined/unknown
	Maximum pool size: undefined/unknown
2025-12-17 04:51:38.587 [] [] [] [restartedMain] INFO  o.h.e.t.j.p.i.JtaPlatformInitiator - HHH000489: No JTA platform available (set 'hibernate.transaction.jta.platform' to enable JTA platform integration)
2025-12-17 04:51:38.782 [] [] [] [restartedMain] INFO  o.s.o.j.LocalContainerEntityManagerFactoryBean - Initialized JPA EntityManagerFactory for persistence unit 'default'
2025-12-17 04:51:39.415 [] [] [] [restartedMain] INFO  o.s.d.j.r.query.QueryEnhancerFactory - Hibernate is in classpath; If applicable, HQL parser will be used.
2025-12-17 04:51:41.175 [] [] [] [restartedMain] INFO  o.s.s.c.a.a.c.InitializeAuthenticationProviderBeanManagerConfigurer$InitializeAuthenticationProviderManagerConfigurer - Global AuthenticationManager configured with AuthenticationProvider bean with name authenticationProvider
2025-12-17 04:51:43.969 [] [] [] [restartedMain] INFO  o.s.b.a.e.web.EndpointLinksResolver - Exposing 1 endpoint beneath base path '/actuator'
2025-12-17 04:51:44.210 [] [] [] [restartedMain] INFO  o.s.o.j.LocalContainerEntityManagerFactoryBean - Closing JPA EntityManagerFactory for persistence unit 'default'
2025-12-17 04:51:44.214 [] [] [] [restartedMain] INFO  com.zaxxer.hikari.HikariDataSource - HikariPool-1 - Shutdown initiated...
2025-12-17 04:51:44.223 [] [] [] [restartedMain] INFO  com.zaxxer.hikari.HikariDataSource - HikariPool-1 - Shutdown completed.
2025-12-17 04:51:44.227 [] [] [] [restartedMain] INFO  o.a.catalina.core.StandardService - Stopping service [Tomcat]
2025-12-17 04:51:44.249 [] [] [] [restartedMain] INFO  o.s.b.a.l.ConditionEvaluationReportLogger - 

Error starting ApplicationContext. To display the condition evaluation report re-run your application with 'debug' enabled.
2025-12-17 05:07:09.926 [] [] [] [background-preinit] INFO  o.h.validator.internal.util.Version - HV000001: Hibernate Validator 8.0.3.Final
2025-12-17 05:07:10.025 [] [] [] [restartedMain] INFO  c.s.SuiviAcademiqueApplication - Starting SuiviAcademiqueApplication using Java 21.0.9 with PID 14744 (D:\MP4_EADL\autodidacte\15\suivie_academique\target\classes started by TRUMD in D:\MP4_EADL\autodidacte\15\suivie_academique)
2025-12-17 05:07:10.027 [] [] [] [restartedMain] INFO  c.s.SuiviAcademiqueApplication - No active profile set, falling back to 1 default profile: "default"
2025-12-17 05:07:10.093 [] [] [] [restartedMain] INFO  o.s.b.d.e.DevToolsPropertyDefaultsPostProcessor - Devtools property defaults active! Set 'spring.devtools.add-properties' to 'false' to disable
2025-12-17 05:07:10.094 [] [] [] [restartedMain] INFO  o.s.b.d.e.DevToolsPropertyDefaultsPostProcessor - For additional web related logging consider setting the 'logging.level.web' property to 'DEBUG'
2025-12-17 05:07:12.498 [] [] [] [restartedMain] INFO  o.s.d.r.c.RepositoryConfigurationDelegate - Bootstrapping Spring Data JPA repositories in DEFAULT mode.
2025-12-17 05:07:12.635 [] [] [] [restartedMain] INFO  o.s.d.r.c.RepositoryConfigurationDelegate - Finished Spring Data repository scanning in 117 ms. Found 5 JPA repository interfaces.
2025-12-17 05:07:14.027 [] [] [] [restartedMain] INFO  o.s.b.w.e.tomcat.TomcatWebServer - Tomcat initialized with port 8089 (http)
2025-12-17 05:07:14.042 [] [] [] [restartedMain] INFO  o.a.coyote.http11.Http11NioProtocol - Initializing ProtocolHandler ["http-nio-8089"]
2025-12-17 05:07:14.045 [] [] [] [restartedMain] INFO  o.a.catalina.core.StandardService - Starting service [Tomcat]
2025-12-17 05:07:14.046 [] [] [] [restartedMain] INFO  o.a.catalina.core.StandardEngine - Starting Servlet engine: [Apache Tomcat/10.1.48]
2025-12-17 05:07:14.130 [] [] [] [restartedMain] INFO  o.a.c.c.C.[Tomcat].[localhost].[/] - Initializing Spring embedded WebApplicationContext
2025-12-17 05:07:14.130 [] [] [] [restartedMain] INFO  o.s.b.w.s.c.ServletWebServerApplicationContext - Root WebApplicationContext: initialization completed in 4034 ms
2025-12-17 05:07:14.989 [] [] [] [restartedMain] INFO  o.h.jpa.internal.util.LogHelper - HHH000204: Processing PersistenceUnitInfo [name: default]
2025-12-17 05:07:15.075 [] [] [] [restartedMain] INFO  org.hibernate.Version - HHH000412: Hibernate ORM core version 6.6.33.Final
2025-12-17 05:07:15.154 [] [] [] [restartedMain] INFO  o.h.c.i.RegionFactoryInitiator - HHH000026: Second-level cache disabled
2025-12-17 05:07:15.777 [] [] [] [restartedMain] INFO  o.s.o.j.p.SpringPersistenceUnitInfo - No LoadTimeWeaver setup: ignoring JPA class transformer
2025-12-17 05:07:15.864 [] [] [] [restartedMain] INFO  com.zaxxer.hikari.HikariDataSource - HikariPool-1 - Starting...
2025-12-17 05:07:16.234 [] [] [] [restartedMain] INFO  com.zaxxer.hikari.pool.HikariPool - HikariPool-1 - Added connection com.mysql.cj.jdbc.ConnectionImpl@6b41c2c9
2025-12-17 05:07:16.238 [] [] [] [restartedMain] INFO  com.zaxxer.hikari.HikariDataSource - HikariPool-1 - Start completed.
2025-12-17 05:07:16.382 [] [] [] [restartedMain] INFO  o.hibernate.orm.connections.pooling - HHH10001005: Database info:
	Database JDBC URL [Connecting through datasource 'HikariDataSource (HikariPool-1)']
	Database driver: undefined/unknown
	Database version: 5.5.5
	Autocommit mode: undefined/unknown
	Isolation level: undefined/unknown
	Minimum pool size: undefined/unknown
	Maximum pool size: undefined/unknown
2025-12-17 05:07:18.183 [] [] [] [restartedMain] INFO  o.h.e.t.j.p.i.JtaPlatformInitiator - HHH000489: No JTA platform available (set 'hibernate.transaction.jta.platform' to enable JTA platform integration)
2025-12-17 05:07:18.401 [] [] [] [restartedMain] INFO  o.s.o.j.LocalContainerEntityManagerFactoryBean - Initialized JPA EntityManagerFactory for persistence unit 'default'
2025-12-17 05:07:18.948 [] [] [] [restartedMain] INFO  o.s.d.j.r.query.QueryEnhancerFactory - Hibernate is in classpath; If applicable, HQL parser will be used.
2025-12-17 05:07:20.694 [] [] [] [restartedMain] INFO  o.s.s.c.a.a.c.InitializeAuthenticationProviderBeanManagerConfigurer$InitializeAuthenticationProviderManagerConfigurer - Global AuthenticationManager configured with AuthenticationProvider bean with name authenticationProvider
2025-12-17 05:07:23.499 [] [] [] [restartedMain] INFO  o.s.b.a.e.web.EndpointLinksResolver - Exposing 1 endpoint beneath base path '/actuator'
2025-12-17 05:07:25.319 [] [] [] [restartedMain] INFO  o.s.b.d.a.OptionalLiveReloadServer - LiveReload server is running on port 35729
2025-12-17 05:07:25.559 [] [] [] [restartedMain] INFO  o.a.coyote.http11.Http11NioProtocol - Starting ProtocolHandler ["http-nio-8089"]
2025-12-17 05:07:25.693 [] [] [] [restartedMain] INFO  o.s.b.w.e.tomcat.TomcatWebServer - Tomcat started on port 8089 (http) with context path '/'
2025-12-17 05:07:25.736 [] [] [] [restartedMain] INFO  c.s.SuiviAcademiqueApplication - Started SuiviAcademiqueApplication in 17.128 seconds (process running for 18.011)
2025-12-17 05:08:45.207 [] [] [] [http-nio-8089-exec-1] INFO  o.a.c.c.C.[Tomcat].[localhost].[/] - Initializing Spring DispatcherServlet 'dispatcherServlet'
2025-12-17 05:08:45.208 [] [] [] [http-nio-8089-exec-1] INFO  o.s.web.servlet.DispatcherServlet - Initializing Servlet 'dispatcherServlet'
2025-12-17 05:08:45.216 [] [] [] [http-nio-8089-exec-1] INFO  o.s.web.servlet.DispatcherServlet - Completed initialization in 6 ms
2025-12-17 05:08:45.323 [ANONYME] [0:0:0:0:0:0:0:1] [b2a01615] [http-nio-8089-exec-1] INFO  c.s.config.LoggingFilter - 🚀 GET /swagger-ui/index.html | IP:0:0:0:0:0:0:0:1 | User:ANONYME | ID:b2a01615
2025-12-17 05:08:45.480 [ANONYME] [0:0:0:0:0:0:0:1] [cc022c7c] [http-nio-8089-exec-2] INFO  c.s.config.LoggingFilter - 🚀 GET /swagger-ui/swagger-ui.css | IP:0:0:0:0:0:0:0:1 | User:ANONYME | ID:cc022c7c
2025-12-17 05:08:45.482 [ANONYME] [0:0:0:0:0:0:0:1] [266cb09d] [http-nio-8089-exec-3] INFO  c.s.config.LoggingFilter - 🚀 GET /swagger-ui/index.css | IP:0:0:0:0:0:0:0:1 | User:ANONYME | ID:266cb09d
2025-12-17 05:08:45.489 [ANONYME] [0:0:0:0:0:0:0:1] [08d47848] [http-nio-8089-exec-5] INFO  c.s.config.LoggingFilter - 🚀 GET /swagger-ui/swagger-ui-standalone-preset.js | IP:0:0:0:0:0:0:0:1 | User:ANONYME | ID:08d47848
2025-12-17 05:08:45.489 [ANONYME] [0:0:0:0:0:0:0:1] [10d65a7f] [http-nio-8089-exec-6] INFO  c.s.config.LoggingFilter - 🚀 GET /swagger-ui/swagger-initializer.js | IP:0:0:0:0:0:0:0:1 | User:ANONYME | ID:10d65a7f
2025-12-17 05:08:45.489 [ANONYME] [0:0:0:0:0:0:0:1] [e277379a] [http-nio-8089-exec-4] INFO  c.s.config.LoggingFilter - 🚀 GET /swagger-ui/swagger-ui-bundle.js | IP:0:0:0:0:0:0:0:1 | User:ANONYME | ID:e277379a
2025-12-17 05:08:46.000 [ANONYME] [0:0:0:0:0:0:0:1] [63c44bd5] [http-nio-8089-exec-7] INFO  c.s.config.LoggingFilter - 🚀 GET /v3/api-docs/swagger-config | IP:0:0:0:0:0:0:0:1 | User:ANONYME | ID:63c44bd5
2025-12-17 05:08:46.037 [ANONYME] [0:0:0:0:0:0:0:1] [0c4293f7] [http-nio-8089-exec-9] INFO  c.s.config.LoggingFilter - 🚀 GET /swagger-ui/favicon-32x32.png | IP:0:0:0:0:0:0:0:1 | User:ANONYME | ID:0c4293f7
2025-12-17 05:08:46.085 [ANONYME] [0:0:0:0:0:0:0:1] [63c44bd5] [http-nio-8089-exec-7] INFO  c.s.config.LoggingAspect - 📥 Requête entrante: GET /v3/api-docs/swagger-config | Méthode: org.springdoc.webmvc.ui.SwaggerConfigResource.openapiJson | Paramètres: [SecurityContextHolderAwareRequestWrapper[ org.springframework.security.web.header.HeaderWriterFilter$HeaderWriterRequest@1fe3270e]]
2025-12-17 05:08:46.088 [ANONYME] [0:0:0:0:0:0:0:1] [63c44bd5] [http-nio-8089-exec-7] INFO  c.s.config.LoggingAspect - 📤 Réponse envoyée: org.springdoc.webmvc.ui.SwaggerConfigResource.openapiJson | Résultat: SynchronizedSortedMap
2025-12-17 05:08:46.203 [ANONYME] [0:0:0:0:0:0:0:1] [7b3d48a4] [http-nio-8089-exec-8] INFO  c.s.config.LoggingFilter - 🚀 GET /v3/api-docs | IP:0:0:0:0:0:0:0:1 | User:ANONYME | ID:7b3d48a4
2025-12-17 05:08:46.221 [ANONYME] [0:0:0:0:0:0:0:1] [7b3d48a4] [http-nio-8089-exec-8] INFO  c.s.config.LoggingAspect - 📥 Requête entrante: GET /v3/api-docs | Méthode: org.springdoc.webmvc.api.OpenApiWebMvcResource.openapiJson | Paramètres: [SecurityContextHolderAwareRequestWrapper[ org.springframework.security.web.header.HeaderWriterFilter$HeaderWriterRequest@2a34c5c5], /v3/api-docs, fr]
2025-12-17 05:08:47.857 [ANONYME] [0:0:0:0:0:0:0:1] [7b3d48a4] [http-nio-8089-exec-8] INFO  o.s.api.AbstractOpenApiResource - Init duration for springdoc-openapi is: 1632 ms
2025-12-17 05:08:47.938 [ANONYME] [0:0:0:0:0:0:0:1] [7b3d48a4] [http-nio-8089-exec-8] INFO  c.s.config.LoggingAspect - 📤 Réponse envoyée: org.springdoc.webmvc.api.OpenApiWebMvcResource.openapiJson | Résultat: byte[]
2025-12-17 05:08:58.311 [ANONYME] [0:0:0:0:0:0:0:1] [0fcd6b5b] [http-nio-8089-exec-6] INFO  c.s.config.LoggingFilter - 🚀 POST /api/auth/login | IP:0:0:0:0:0:0:0:1 | User:ANONYME | ID:0fcd6b5b
2025-12-17 05:08:59.733 [ANONYME] [0:0:0:0:0:0:0:1] [0fcd6b5b] [http-nio-8089-exec-6] INFO  c.s.config.LoggingAspect - 📥 Requête entrante: POST /api/auth/login | Méthode: com.suivi_academique.controllers.AuthenticationController.authenticate | Paramètres: [com.suivi_academique.dto.PersonnelDTO@6757016a]
2025-12-17 05:09:00.313 [ANONYME] [0:0:0:0:0:0:0:1] [0fcd6b5b] [http-nio-8089-exec-6] INFO  c.s.config.LoggingAspect - 📤 Réponse envoyée: com.suivi_academique.controllers.AuthenticationController.authenticate | Résultat: AuthResponse
2025-12-17 05:09:41.215 [ANONYME] [0:0:0:0:0:0:0:1] [c96ac3dc] [http-nio-8089-exec-9] INFO  c.s.config.LoggingFilter - 🚀 DELETE /salle/cf045 | IP:0:0:0:0:0:0:0:1 | User:ANONYME | ID:c96ac3dc
2025-12-17 05:09:41.297 [ANONYME] [0:0:0:0:0:0:0:1] [c96ac3dc] [http-nio-8089-exec-9] INFO  c.s.config.LoggingAspect - 📥 Requête entrante: DELETE /salle/cf045 | Méthode: com.suivi_academique.controllers.SalleController.delete | Paramètres: [cf045]
2025-12-17 05:09:41.308 [ANONYME] [0:0:0:0:0:0:0:1] [c96ac3dc] [http-nio-8089-exec-9] INFO  c.s.s.implementations.SalleService - recherche de la salle avec code: cf045
2025-12-17 05:09:41.859 [ANONYME] [0:0:0:0:0:0:0:1] [c96ac3dc] [http-nio-8089-exec-9] INFO  c.s.config.LoggingAspect - 📤 Réponse envoyée: com.suivi_academique.controllers.SalleController.delete | Résultat: ResponseEntity
2025-12-17 05:14:45.667 [ANONYME] [0:0:0:0:0:0:0:1] [224a59d9] [http-nio-8089-exec-8] INFO  c.s.config.LoggingFilter - 🚀 GET /personnel | IP:0:0:0:0:0:0:0:1 | User:ANONYME | ID:224a59d9
2025-12-17 05:14:45.719 [ANONYME] [0:0:0:0:0:0:0:1] [224a59d9] [http-nio-8089-exec-8] INFO  c.s.config.LoggingAspect - 📥 Requête entrante: GET /personnel | Méthode: com.suivi_academique.controllers.PersonnelController.getAll | Paramètres: []
2025-12-17 05:14:45.737 [ANONYME] [0:0:0:0:0:0:0:1] [224a59d9] [http-nio-8089-exec-8] INFO  c.s.config.LoggingAspect - 📤 Réponse envoyée: com.suivi_academique.controllers.PersonnelController.getAll | Résultat: ResponseEntity
2025-12-17 05:16:06.202 [] [] [] [SpringApplicationShutdownHook] INFO  o.s.b.w.e.tomcat.GracefulShutdown - Commencing graceful shutdown. Waiting for active requests to complete
2025-12-17 05:16:06.240 [] [] [] [tomcat-shutdown] INFO  o.s.b.w.e.tomcat.GracefulShutdown - Graceful shutdown complete
2025-12-17 05:16:06.272 [] [] [] [SpringApplicationShutdownHook] INFO  o.s.o.j.LocalContainerEntityManagerFactoryBean - Closing JPA EntityManagerFactory for persistence unit 'default'
2025-12-17 05:16:06.292 [] [] [] [SpringApplicationShutdownHook] INFO  com.zaxxer.hikari.HikariDataSource - HikariPool-1 - Shutdown initiated...
2025-12-17 05:16:06.339 [] [] [] [SpringApplicationShutdownHook] INFO  com.zaxxer.hikari.HikariDataSource - HikariPool-1 - Shutdown completed.
2025-12-17 08:17:31.157 [] [] [] [background-preinit] INFO  o.h.validator.internal.util.Version - HV000001: Hibernate Validator 8.0.3.Final
2025-12-17 08:17:31.257 [] [] [] [restartedMain] INFO  c.s.SuiviAcademiqueApplication - Starting SuiviAcademiqueApplication using Java 21.0.9 with PID 15608 (D:\MP4_EADL\autodidacte\15\suivie_academique\target\classes started by TRUMD in D:\MP4_EADL\autodidacte\15\suivie_academique)
2025-12-17 08:17:31.259 [] [] [] [restartedMain] INFO  c.s.SuiviAcademiqueApplication - No active profile set, falling back to 1 default profile: "default"
2025-12-17 08:17:31.423 [] [] [] [restartedMain] INFO  o.s.b.d.e.DevToolsPropertyDefaultsPostProcessor - Devtools property defaults active! Set 'spring.devtools.add-properties' to 'false' to disable
2025-12-17 08:17:31.423 [] [] [] [restartedMain] INFO  o.s.b.d.e.DevToolsPropertyDefaultsPostProcessor - For additional web related logging consider setting the 'logging.level.web' property to 'DEBUG'
2025-12-17 08:17:34.851 [] [] [] [restartedMain] INFO  o.s.d.r.c.RepositoryConfigurationDelegate - Bootstrapping Spring Data JPA repositories in DEFAULT mode.
2025-12-17 08:17:35.147 [] [] [] [restartedMain] INFO  o.s.d.r.c.RepositoryConfigurationDelegate - Finished Spring Data repository scanning in 270 ms. Found 5 JPA repository interfaces.
2025-12-17 08:17:37.578 [] [] [] [restartedMain] INFO  o.s.b.w.e.tomcat.TomcatWebServer - Tomcat initialized with port 8089 (http)
2025-12-17 08:17:37.610 [] [] [] [restartedMain] INFO  o.a.coyote.http11.Http11NioProtocol - Initializing ProtocolHandler ["http-nio-8089"]
2025-12-17 08:17:37.614 [] [] [] [restartedMain] INFO  o.a.catalina.core.StandardService - Starting service [Tomcat]
2025-12-17 08:17:37.614 [] [] [] [restartedMain] INFO  o.a.catalina.core.StandardEngine - Starting Servlet engine: [Apache Tomcat/10.1.48]
2025-12-17 08:17:37.749 [] [] [] [restartedMain] INFO  o.a.c.c.C.[Tomcat].[localhost].[/] - Initializing Spring embedded WebApplicationContext
2025-12-17 08:17:37.750 [] [] [] [restartedMain] INFO  o.s.b.w.s.c.ServletWebServerApplicationContext - Root WebApplicationContext: initialization completed in 6325 ms
2025-12-17 08:17:38.611 [] [] [] [restartedMain] INFO  o.h.jpa.internal.util.LogHelper - HHH000204: Processing PersistenceUnitInfo [name: default]
2025-12-17 08:17:38.789 [] [] [] [restartedMain] INFO  org.hibernate.Version - HHH000412: Hibernate ORM core version 6.6.33.Final
2025-12-17 08:17:38.902 [] [] [] [restartedMain] INFO  o.h.c.i.RegionFactoryInitiator - HHH000026: Second-level cache disabled
2025-12-17 08:17:39.668 [] [] [] [restartedMain] INFO  o.s.o.j.p.SpringPersistenceUnitInfo - No LoadTimeWeaver setup: ignoring JPA class transformer
2025-12-17 08:17:39.828 [] [] [] [restartedMain] INFO  com.zaxxer.hikari.HikariDataSource - HikariPool-1 - Starting...
2025-12-17 08:17:41.315 [] [] [] [restartedMain] INFO  o.hibernate.orm.connections.pooling - HHH10001005: Database info:
	Database JDBC URL [Connecting through datasource 'HikariDataSource (null)']
	Database driver: undefined/unknown
	Database version: 8.0
	Autocommit mode: undefined/unknown
	Isolation level: undefined/unknown
	Minimum pool size: undefined/unknown
	Maximum pool size: undefined/unknown
2025-12-17 08:17:43.954 [] [] [] [restartedMain] INFO  o.h.e.t.j.p.i.JtaPlatformInitiator - HHH000489: No JTA platform available (set 'hibernate.transaction.jta.platform' to enable JTA platform integration)
2025-12-17 08:17:44.018 [] [] [] [restartedMain] INFO  com.zaxxer.hikari.HikariDataSource - HikariPool-1 - Starting...
2025-12-17 08:17:45.152 [] [] [] [restartedMain] INFO  o.a.catalina.core.StandardService - Stopping service [Tomcat]
2025-12-17 08:17:45.333 [] [] [] [restartedMain] INFO  o.s.b.a.l.ConditionEvaluationReportLogger - 

Error starting ApplicationContext. To display the condition evaluation report re-run your application with 'debug' enabled.
2025-12-17 13:14:51.173 [] [] [] [background-preinit] INFO  o.h.validator.internal.util.Version - HV000001: Hibernate Validator 8.0.3.Final
2025-12-17 13:14:51.483 [] [] [] [restartedMain] INFO  c.s.SuiviAcademiqueApplication - Starting SuiviAcademiqueApplication using Java 21.0.9 with PID 1232 (D:\MP4_EADL\autodidacte\15\suivie_academique\target\classes started by TRUMD in D:\MP4_EADL\autodidacte\15\suivie_academique)
2025-12-17 13:14:51.486 [] [] [] [restartedMain] INFO  c.s.SuiviAcademiqueApplication - No active profile set, falling back to 1 default profile: "default"
2025-12-17 13:14:51.590 [] [] [] [restartedMain] INFO  o.s.b.d.e.DevToolsPropertyDefaultsPostProcessor - Devtools property defaults active! Set 'spring.devtools.add-properties' to 'false' to disable
2025-12-17 13:14:51.590 [] [] [] [restartedMain] INFO  o.s.b.d.e.DevToolsPropertyDefaultsPostProcessor - For additional web related logging consider setting the 'logging.level.web' property to 'DEBUG'
2025-12-17 13:14:56.580 [] [] [] [restartedMain] INFO  o.s.d.r.c.RepositoryConfigurationDelegate - Bootstrapping Spring Data JPA repositories in DEFAULT mode.
2025-12-17 13:14:56.841 [] [] [] [restartedMain] INFO  o.s.d.r.c.RepositoryConfigurationDelegate - Finished Spring Data repository scanning in 240 ms. Found 5 JPA repository interfaces.
2025-12-17 13:15:00.293 [] [] [] [restartedMain] INFO  o.s.b.w.e.tomcat.TomcatWebServer - Tomcat initialized with port 8089 (http)
2025-12-17 13:15:00.365 [] [] [] [restartedMain] INFO  o.a.coyote.http11.Http11NioProtocol - Initializing ProtocolHandler ["http-nio-8089"]
2025-12-17 13:15:00.373 [] [] [] [restartedMain] INFO  o.a.catalina.core.StandardService - Starting service [Tomcat]
2025-12-17 13:15:00.375 [] [] [] [restartedMain] INFO  o.a.catalina.core.StandardEngine - Starting Servlet engine: [Apache Tomcat/10.1.48]
2025-12-17 13:15:00.505 [] [] [] [restartedMain] INFO  o.a.c.c.C.[Tomcat].[localhost].[/] - Initializing Spring embedded WebApplicationContext
2025-12-17 13:15:00.506 [] [] [] [restartedMain] INFO  o.s.b.w.s.c.ServletWebServerApplicationContext - Root WebApplicationContext: initialization completed in 8915 ms
2025-12-17 13:15:01.556 [] [] [] [restartedMain] INFO  o.h.jpa.internal.util.LogHelper - HHH000204: Processing PersistenceUnitInfo [name: default]
2025-12-17 13:15:01.889 [] [] [] [restartedMain] INFO  org.hibernate.Version - HHH000412: Hibernate ORM core version 6.6.33.Final
2025-12-17 13:15:02.000 [] [] [] [restartedMain] INFO  o.h.c.i.RegionFactoryInitiator - HHH000026: Second-level cache disabled
2025-12-17 13:15:03.135 [] [] [] [restartedMain] INFO  o.s.o.j.p.SpringPersistenceUnitInfo - No LoadTimeWeaver setup: ignoring JPA class transformer
2025-12-17 13:15:03.270 [] [] [] [restartedMain] INFO  com.zaxxer.hikari.HikariDataSource - HikariPool-1 - Starting...
2025-12-17 13:15:04.071 [] [] [] [restartedMain] INFO  com.zaxxer.hikari.pool.HikariPool - HikariPool-1 - Added connection com.mysql.cj.jdbc.ConnectionImpl@666d2d47
2025-12-17 13:15:04.111 [] [] [] [restartedMain] INFO  com.zaxxer.hikari.HikariDataSource - HikariPool-1 - Start completed.
2025-12-17 13:15:04.425 [] [] [] [restartedMain] INFO  o.hibernate.orm.connections.pooling - HHH10001005: Database info:
	Database JDBC URL [Connecting through datasource 'HikariDataSource (HikariPool-1)']
	Database driver: undefined/unknown
	Database version: 5.5.5
	Autocommit mode: undefined/unknown
	Isolation level: undefined/unknown
	Minimum pool size: undefined/unknown
	Maximum pool size: undefined/unknown
2025-12-17 13:15:10.655 [] [] [] [restartedMain] INFO  o.h.e.t.j.p.i.JtaPlatformInitiator - HHH000489: No JTA platform available (set 'hibernate.transaction.jta.platform' to enable JTA platform integration)
2025-12-17 13:15:12.133 [] [] [] [restartedMain] INFO  o.s.o.j.LocalContainerEntityManagerFactoryBean - Initialized JPA EntityManagerFactory for persistence unit 'default'
2025-12-17 13:15:13.428 [] [] [] [restartedMain] INFO  o.s.d.j.r.query.QueryEnhancerFactory - Hibernate is in classpath; If applicable, HQL parser will be used.
2025-12-17 13:15:17.540 [] [] [] [restartedMain] INFO  o.s.s.c.a.a.c.InitializeAuthenticationProviderBeanManagerConfigurer$InitializeAuthenticationProviderManagerConfigurer - Global AuthenticationManager configured with AuthenticationProvider bean with name authenticationProvider
2025-12-17 13:15:22.839 [] [] [] [restartedMain] INFO  o.s.b.a.e.web.EndpointLinksResolver - Exposing 1 endpoint beneath base path '/actuator'
2025-12-17 13:15:26.687 [] [] [] [restartedMain] INFO  o.s.b.d.a.OptionalLiveReloadServer - LiveReload server is running on port 35729
2025-12-17 13:15:26.975 [] [] [] [restartedMain] INFO  o.a.coyote.http11.Http11NioProtocol - Starting ProtocolHandler ["http-nio-8089"]
2025-12-17 13:15:27.048 [] [] [] [restartedMain] INFO  o.s.b.w.e.tomcat.TomcatWebServer - Tomcat started on port 8089 (http) with context path '/'
2025-12-17 13:15:27.105 [] [] [] [restartedMain] INFO  c.s.SuiviAcademiqueApplication - Started SuiviAcademiqueApplication in 39.232 seconds (process running for 50.912)
2025-12-17 13:15:32.841 [] [] [] [http-nio-8089-exec-1] INFO  o.a.c.c.C.[Tomcat].[localhost].[/] - Initializing Spring DispatcherServlet 'dispatcherServlet'
2025-12-17 13:15:32.842 [] [] [] [http-nio-8089-exec-1] INFO  o.s.web.servlet.DispatcherServlet - Initializing Servlet 'dispatcherServlet'
2025-12-17 13:15:32.848 [] [] [] [http-nio-8089-exec-1] INFO  o.s.web.servlet.DispatcherServlet - Completed initialization in 4 ms
2025-12-17 13:15:33.045 [ANONYME] [0:0:0:0:0:0:0:1] [c20bf014] [http-nio-8089-exec-1] INFO  c.s.config.LoggingFilter - 🚀 GET /swagger-ui/index.html | IP:0:0:0:0:0:0:0:1 | User:ANONYME | ID:c20bf014
2025-12-17 13:15:33.258 [ANONYME] [0:0:0:0:0:0:0:1] [1efc4778] [http-nio-8089-exec-4] INFO  c.s.config.LoggingFilter - 🚀 GET /swagger-ui/swagger-ui-bundle.js | IP:0:0:0:0:0:0:0:1 | User:ANONYME | ID:1efc4778
2025-12-17 13:15:33.260 [ANONYME] [0:0:0:0:0:0:0:1] [8cd4f3ad] [http-nio-8089-exec-5] INFO  c.s.config.LoggingFilter - 🚀 GET /swagger-ui/swagger-ui-standalone-preset.js | IP:0:0:0:0:0:0:0:1 | User:ANONYME | ID:8cd4f3ad
2025-12-17 13:15:33.260 [ANONYME] [0:0:0:0:0:0:0:1] [17920919] [http-nio-8089-exec-2] INFO  c.s.config.LoggingFilter - 🚀 GET /swagger-ui/swagger-ui.css | IP:0:0:0:0:0:0:0:1 | User:ANONYME | ID:17920919
2025-12-17 13:15:33.265 [ANONYME] [0:0:0:0:0:0:0:1] [c250f370] [http-nio-8089-exec-3] INFO  c.s.config.LoggingFilter - 🚀 GET /swagger-ui/index.css | IP:0:0:0:0:0:0:0:1 | User:ANONYME | ID:c250f370
2025-12-17 13:15:33.266 [ANONYME] [0:0:0:0:0:0:0:1] [de5a8198] [http-nio-8089-exec-6] INFO  c.s.config.LoggingFilter - 🚀 GET /swagger-ui/swagger-initializer.js | IP:0:0:0:0:0:0:0:1 | User:ANONYME | ID:de5a8198
2025-12-17 13:15:33.614 [ANONYME] [0:0:0:0:0:0:0:1] [862c86f2] [http-nio-8089-exec-7] INFO  c.s.config.LoggingFilter - 🚀 GET /v3/api-docs/swagger-config | IP:0:0:0:0:0:0:0:1 | User:ANONYME | ID:862c86f2
2025-12-17 13:15:33.672 [ANONYME] [0:0:0:0:0:0:0:1] [862c86f2] [http-nio-8089-exec-7] INFO  c.s.config.LoggingAspect - 📥 Requête entrante: GET /v3/api-docs/swagger-config | Méthode: org.springdoc.webmvc.ui.SwaggerConfigResource.openapiJson | Paramètres: [SecurityContextHolderAwareRequestWrapper[ org.springframework.security.web.header.HeaderWriterFilter$HeaderWriterRequest@51647955]]
2025-12-17 13:15:33.681 [ANONYME] [0:0:0:0:0:0:0:1] [862c86f2] [http-nio-8089-exec-7] INFO  c.s.config.LoggingAspect - 📤 Réponse envoyée: org.springdoc.webmvc.ui.SwaggerConfigResource.openapiJson | Résultat: SynchronizedSortedMap
2025-12-17 13:15:33.802 [ANONYME] [0:0:0:0:0:0:0:1] [d4347e22] [http-nio-8089-exec-8] INFO  c.s.config.LoggingFilter - 🚀 GET /v3/api-docs | IP:0:0:0:0:0:0:0:1 | User:ANONYME | ID:d4347e22
2025-12-17 13:15:33.846 [ANONYME] [0:0:0:0:0:0:0:1] [d4347e22] [http-nio-8089-exec-8] INFO  c.s.config.LoggingAspect - 📥 Requête entrante: GET /v3/api-docs | Méthode: org.springdoc.webmvc.api.OpenApiWebMvcResource.openapiJson | Paramètres: [SecurityContextHolderAwareRequestWrapper[ org.springframework.security.web.header.HeaderWriterFilter$HeaderWriterRequest@576ce8], /v3/api-docs, fr]
2025-12-17 13:15:35.050 [ANONYME] [0:0:0:0:0:0:0:1] [d4347e22] [http-nio-8089-exec-8] INFO  o.s.api.AbstractOpenApiResource - Init duration for springdoc-openapi is: 1199 ms
2025-12-17 13:15:35.095 [ANONYME] [0:0:0:0:0:0:0:1] [d4347e22] [http-nio-8089-exec-8] INFO  c.s.config.LoggingAspect - 📤 Réponse envoyée: org.springdoc.webmvc.api.OpenApiWebMvcResource.openapiJson | Résultat: byte[]
2025-12-17 13:15:55.987 [ANONYME] [0:0:0:0:0:0:0:1] [080bb825] [http-nio-8089-exec-2] INFO  c.s.config.LoggingFilter - 🚀 GET /swagger-ui/index.html | IP:0:0:0:0:0:0:0:1 | User:ANONYME | ID:080bb825
2025-12-17 13:15:56.046 [ANONYME] [0:0:0:0:0:0:0:1] [d661ac6b] [http-nio-8089-exec-4] INFO  c.s.config.LoggingFilter - 🚀 GET /swagger-ui/swagger-ui.css | IP:0:0:0:0:0:0:0:1 | User:ANONYME | ID:d661ac6b
2025-12-17 13:15:56.048 [ANONYME] [0:0:0:0:0:0:0:1] [96283675] [http-nio-8089-exec-6] INFO  c.s.config.LoggingFilter - 🚀 GET /swagger-ui/index.css | IP:0:0:0:0:0:0:0:1 | User:ANONYME | ID:96283675
2025-12-17 13:15:56.050 [ANONYME] [0:0:0:0:0:0:0:1] [dad6c6ef] [http-nio-8089-exec-7] INFO  c.s.config.LoggingFilter - 🚀 GET /swagger-ui/swagger-ui-bundle.js | IP:0:0:0:0:0:0:0:1 | User:ANONYME | ID:dad6c6ef
2025-12-17 13:15:56.050 [ANONYME] [0:0:0:0:0:0:0:1] [4674ead1] [http-nio-8089-exec-8] INFO  c.s.config.LoggingFilter - 🚀 GET /swagger-ui/swagger-ui-standalone-preset.js | IP:0:0:0:0:0:0:0:1 | User:ANONYME | ID:4674ead1
2025-12-17 13:15:56.054 [ANONYME] [0:0:0:0:0:0:0:1] [f2593fb2] [http-nio-8089-exec-1] INFO  c.s.config.LoggingFilter - 🚀 GET /swagger-ui/swagger-initializer.js | IP:0:0:0:0:0:0:0:1 | User:ANONYME | ID:f2593fb2
2025-12-17 13:15:56.303 [ANONYME] [0:0:0:0:0:0:0:1] [66e96d49] [http-nio-8089-exec-10] INFO  c.s.config.LoggingFilter - 🚀 GET /v3/api-docs/swagger-config | IP:0:0:0:0:0:0:0:1 | User:ANONYME | ID:66e96d49
2025-12-17 13:15:56.307 [ANONYME] [0:0:0:0:0:0:0:1] [66e96d49] [http-nio-8089-exec-10] INFO  c.s.config.LoggingAspect - 📥 Requête entrante: GET /v3/api-docs/swagger-config | Méthode: org.springdoc.webmvc.ui.SwaggerConfigResource.openapiJson | Paramètres: [SecurityContextHolderAwareRequestWrapper[ org.springframework.security.web.header.HeaderWriterFilter$HeaderWriterRequest@6fc215e0]]
2025-12-17 13:15:56.308 [ANONYME] [0:0:0:0:0:0:0:1] [66e96d49] [http-nio-8089-exec-10] INFO  c.s.config.LoggingAspect - 📤 Réponse envoyée: org.springdoc.webmvc.ui.SwaggerConfigResource.openapiJson | Résultat: SynchronizedSortedMap
2025-12-17 13:15:56.318 [ANONYME] [0:0:0:0:0:0:0:1] [8eb4665d] [http-nio-8089-exec-3] INFO  c.s.config.LoggingFilter - 🚀 GET /swagger-ui/favicon-32x32.png | IP:0:0:0:0:0:0:0:1 | User:ANONYME | ID:8eb4665d
2025-12-17 13:15:56.353 [ANONYME] [0:0:0:0:0:0:0:1] [196f6a0f] [http-nio-8089-exec-9] INFO  c.s.config.LoggingFilter - 🚀 GET /v3/api-docs | IP:0:0:0:0:0:0:0:1 | User:ANONYME | ID:196f6a0f
2025-12-17 13:15:56.358 [ANONYME] [0:0:0:0:0:0:0:1] [196f6a0f] [http-nio-8089-exec-9] INFO  c.s.config.LoggingAspect - 📥 Requête entrante: GET /v3/api-docs | Méthode: org.springdoc.webmvc.api.OpenApiWebMvcResource.openapiJson | Paramètres: [SecurityContextHolderAwareRequestWrapper[ org.springframework.security.web.header.HeaderWriterFilter$HeaderWriterRequest@610dc4ce], /v3/api-docs, fr]
2025-12-17 13:15:56.371 [ANONYME] [0:0:0:0:0:0:0:1] [196f6a0f] [http-nio-8089-exec-9] INFO  c.s.config.LoggingAspect - 📤 Réponse envoyée: org.springdoc.webmvc.api.OpenApiWebMvcResource.openapiJson | Résultat: byte[]
2025-12-17 13:21:25.222 [] [] [] [SpringApplicationShutdownHook] INFO  o.s.b.w.e.tomcat.GracefulShutdown - Commencing graceful shutdown. Waiting for active requests to complete
2025-12-17 13:21:25.323 [] [] [] [tomcat-shutdown] INFO  o.s.b.w.e.tomcat.GracefulShutdown - Graceful shutdown complete
2025-12-17 13:21:25.412 [] [] [] [SpringApplicationShutdownHook] INFO  o.s.o.j.LocalContainerEntityManagerFactoryBean - Closing JPA EntityManagerFactory for persistence unit 'default'
2025-12-17 13:21:25.446 [] [] [] [SpringApplicationShutdownHook] INFO  com.zaxxer.hikari.HikariDataSource - HikariPool-1 - Shutdown initiated...
2025-12-17 13:21:25.505 [] [] [] [SpringApplicationShutdownHook] INFO  com.zaxxer.hikari.HikariDataSource - HikariPool-1 - Shutdown completed.
2025-12-17 14:27:35.396 [] [] [] [restartedMain] INFO  c.s.SuiviAcademiqueApplication - Starting SuiviAcademiqueApplication using Java 21.0.9 with PID 8208 (D:\MP4_EADL\autodidacte\15\suivie_academique\target\classes started by TRUMD in D:\MP4_EADL\autodidacte\15\suivie_academique)
2025-12-17 14:27:35.408 [] [] [] [restartedMain] INFO  c.s.SuiviAcademiqueApplication - The following 1 profile is active: "prod"
2025-12-17 14:31:43.772 [] [] [] [restartedMain] INFO  c.s.SuiviAcademiqueApplication - Starting SuiviAcademiqueApplication using Java 21.0.9 with PID 18340 (D:\MP4_EADL\autodidacte\15\suivie_academique\target\classes started by TRUMD in D:\MP4_EADL\autodidacte\15\suivie_academique)
2025-12-17 14:31:43.780 [] [] [] [restartedMain] INFO  c.s.SuiviAcademiqueApplication - The following 1 profile is active: "prod"
2025-12-17 14:38:38.801 [] [] [] [restartedMain] INFO  c.s.SuiviAcademiqueApplication - Starting SuiviAcademiqueApplication using Java 21.0.9 with PID 16868 (D:\MP4_EADL\autodidacte\15\suivie_academique\target\classes started by TRUMD in D:\MP4_EADL\autodidacte\15\suivie_academique)
2025-12-17 14:38:38.810 [] [] [] [restartedMain] INFO  c.s.SuiviAcademiqueApplication - The following 1 profile is active: "prod"
2025-12-17 14:42:00.663 [] [] [] [background-preinit] INFO  o.h.validator.internal.util.Version - HV000001: Hibernate Validator 8.0.3.Final
2025-12-17 14:42:00.774 [] [] [] [restartedMain] INFO  c.s.SuiviAcademiqueApplication - Starting SuiviAcademiqueApplication using Java 21.0.9 with PID 17196 (D:\MP4_EADL\autodidacte\15\suivie_academique\target\classes started by TRUMD in D:\MP4_EADL\autodidacte\15\suivie_academique)
2025-12-17 14:42:00.776 [] [] [] [restartedMain] INFO  c.s.SuiviAcademiqueApplication - The following 1 profile is active: "dev"
2025-12-17 14:42:00.882 [] [] [] [restartedMain] INFO  o.s.b.d.e.DevToolsPropertyDefaultsPostProcessor - Devtools property defaults active! Set 'spring.devtools.add-properties' to 'false' to disable
2025-12-17 14:42:00.882 [] [] [] [restartedMain] INFO  o.s.b.d.e.DevToolsPropertyDefaultsPostProcessor - For additional web related logging consider setting the 'logging.level.web' property to 'DEBUG'
2025-12-17 14:42:04.265 [] [] [] [restartedMain] INFO  o.s.d.r.c.RepositoryConfigurationDelegate - Bootstrapping Spring Data JPA repositories in DEFAULT mode.
2025-12-17 14:42:04.511 [] [] [] [restartedMain] INFO  o.s.d.r.c.RepositoryConfigurationDelegate - Finished Spring Data repository scanning in 207 ms. Found 5 JPA repository interfaces.
2025-12-17 14:42:07.531 [] [] [] [restartedMain] INFO  o.s.b.w.e.tomcat.TomcatWebServer - Tomcat initialized with port 8089 (http)
2025-12-17 14:42:07.571 [] [] [] [restartedMain] INFO  o.a.coyote.http11.Http11NioProtocol - Initializing ProtocolHandler ["http-nio-8089"]
2025-12-17 14:42:07.576 [] [] [] [restartedMain] INFO  o.a.catalina.core.StandardService - Starting service [Tomcat]
2025-12-17 14:42:07.576 [] [] [] [restartedMain] INFO  o.a.catalina.core.StandardEngine - Starting Servlet engine: [Apache Tomcat/10.1.48]
2025-12-17 14:42:07.773 [] [] [] [restartedMain] INFO  o.a.c.c.C.[Tomcat].[localhost].[/] - Initializing Spring embedded WebApplicationContext
2025-12-17 14:42:07.774 [] [] [] [restartedMain] INFO  o.s.b.w.s.c.ServletWebServerApplicationContext - Root WebApplicationContext: initialization completed in 6890 ms
2025-12-17 14:42:09.130 [] [] [] [restartedMain] INFO  o.h.jpa.internal.util.LogHelper - HHH000204: Processing PersistenceUnitInfo [name: default]
2025-12-17 14:42:09.299 [] [] [] [restartedMain] INFO  org.hibernate.Version - HHH000412: Hibernate ORM core version 6.6.33.Final
2025-12-17 14:42:09.400 [] [] [] [restartedMain] INFO  o.h.c.i.RegionFactoryInitiator - HHH000026: Second-level cache disabled
2025-12-17 14:42:10.073 [] [] [] [restartedMain] INFO  o.s.o.j.p.SpringPersistenceUnitInfo - No LoadTimeWeaver setup: ignoring JPA class transformer
2025-12-17 14:42:10.145 [] [] [] [restartedMain] INFO  com.zaxxer.hikari.HikariDataSource - HikariPool-1 - Starting...
2025-12-17 14:42:13.309 [] [] [] [restartedMain] INFO  o.hibernate.orm.connections.pooling - HHH10001005: Database info:
	Database JDBC URL [Connecting through datasource 'HikariDataSource (null)']
	Database driver: undefined/unknown
	Database version: 8.0
	Autocommit mode: undefined/unknown
	Isolation level: undefined/unknown
	Minimum pool size: undefined/unknown
	Maximum pool size: undefined/unknown
2025-12-17 14:42:15.634 [] [] [] [restartedMain] INFO  o.h.e.t.j.p.i.JtaPlatformInitiator - HHH000489: No JTA platform available (set 'hibernate.transaction.jta.platform' to enable JTA platform integration)
2025-12-17 14:42:15.722 [] [] [] [restartedMain] INFO  com.zaxxer.hikari.HikariDataSource - HikariPool-1 - Starting...
2025-12-17 14:42:16.833 [] [] [] [restartedMain] INFO  o.a.catalina.core.StandardService - Stopping service [Tomcat]
2025-12-17 14:42:16.910 [] [] [] [restartedMain] INFO  o.s.b.a.l.ConditionEvaluationReportLogger - 

Error starting ApplicationContext. To display the condition evaluation report re-run your application with 'debug' enabled.
2025-12-17 14:43:23.392 [] [] [] [background-preinit] INFO  o.h.validator.internal.util.Version - HV000001: Hibernate Validator 8.0.3.Final
2025-12-17 14:43:23.522 [] [] [] [restartedMain] INFO  c.s.SuiviAcademiqueApplication - Starting SuiviAcademiqueApplication using Java 21.0.9 with PID 17672 (D:\MP4_EADL\autodidacte\15\suivie_academique\target\classes started by TRUMD in D:\MP4_EADL\autodidacte\15\suivie_academique)
2025-12-17 14:43:23.524 [] [] [] [restartedMain] INFO  c.s.SuiviAcademiqueApplication - The following 1 profile is active: "dev"
2025-12-17 14:43:23.658 [] [] [] [restartedMain] INFO  o.s.b.d.e.DevToolsPropertyDefaultsPostProcessor - Devtools property defaults active! Set 'spring.devtools.add-properties' to 'false' to disable
2025-12-17 14:43:23.658 [] [] [] [restartedMain] INFO  o.s.b.d.e.DevToolsPropertyDefaultsPostProcessor - For additional web related logging consider setting the 'logging.level.web' property to 'DEBUG'
2025-12-17 14:43:27.055 [] [] [] [restartedMain] INFO  o.s.d.r.c.RepositoryConfigurationDelegate - Bootstrapping Spring Data JPA repositories in DEFAULT mode.
2025-12-17 14:43:27.251 [] [] [] [restartedMain] INFO  o.s.d.r.c.RepositoryConfigurationDelegate - Finished Spring Data repository scanning in 162 ms. Found 5 JPA repository interfaces.
2025-12-17 14:43:29.674 [] [] [] [restartedMain] INFO  o.s.b.w.e.tomcat.TomcatWebServer - Tomcat initialized with port 8089 (http)
2025-12-17 14:43:29.709 [] [] [] [restartedMain] INFO  o.a.coyote.http11.Http11NioProtocol - Initializing ProtocolHandler ["http-nio-8089"]
2025-12-17 14:43:29.713 [] [] [] [restartedMain] INFO  o.a.catalina.core.StandardService - Starting service [Tomcat]
2025-12-17 14:43:29.714 [] [] [] [restartedMain] INFO  o.a.catalina.core.StandardEngine - Starting Servlet engine: [Apache Tomcat/10.1.48]
2025-12-17 14:43:29.853 [] [] [] [restartedMain] INFO  o.a.c.c.C.[Tomcat].[localhost].[/] - Initializing Spring embedded WebApplicationContext
2025-12-17 14:43:29.854 [] [] [] [restartedMain] INFO  o.s.b.w.s.c.ServletWebServerApplicationContext - Root WebApplicationContext: initialization completed in 6192 ms
2025-12-17 14:43:30.987 [] [] [] [restartedMain] INFO  o.h.jpa.internal.util.LogHelper - HHH000204: Processing PersistenceUnitInfo [name: default]
2025-12-17 14:43:31.150 [] [] [] [restartedMain] INFO  org.hibernate.Version - HHH000412: Hibernate ORM core version 6.6.33.Final
2025-12-17 14:43:31.271 [] [] [] [restartedMain] INFO  o.h.c.i.RegionFactoryInitiator - HHH000026: Second-level cache disabled
2025-12-17 14:43:31.996 [] [] [] [restartedMain] INFO  o.s.o.j.p.SpringPersistenceUnitInfo - No LoadTimeWeaver setup: ignoring JPA class transformer
2025-12-17 14:43:32.073 [] [] [] [restartedMain] INFO  com.zaxxer.hikari.HikariDataSource - HikariPool-1 - Starting...
2025-12-17 14:43:34.593 [] [] [] [restartedMain] INFO  o.hibernate.orm.connections.pooling - HHH10001005: Database info:
	Database JDBC URL [Connecting through datasource 'HikariDataSource (null)']
	Database driver: undefined/unknown
	Database version: 8.0
	Autocommit mode: undefined/unknown
	Isolation level: undefined/unknown
	Minimum pool size: undefined/unknown
	Maximum pool size: undefined/unknown
2025-12-17 14:43:37.137 [] [] [] [restartedMain] INFO  o.h.e.t.j.p.i.JtaPlatformInitiator - HHH000489: No JTA platform available (set 'hibernate.transaction.jta.platform' to enable JTA platform integration)
2025-12-17 14:43:37.183 [] [] [] [restartedMain] INFO  com.zaxxer.hikari.HikariDataSource - HikariPool-1 - Starting...
2025-12-17 14:43:38.267 [] [] [] [restartedMain] INFO  o.a.catalina.core.StandardService - Stopping service [Tomcat]
2025-12-17 14:43:38.326 [] [] [] [restartedMain] INFO  o.s.b.a.l.ConditionEvaluationReportLogger - 

Error starting ApplicationContext. To display the condition evaluation report re-run your application with 'debug' enabled.
2025-12-17 14:44:20.901 [] [] [] [background-preinit] INFO  o.h.validator.internal.util.Version - HV000001: Hibernate Validator 8.0.3.Final
2025-12-17 14:44:21.119 [] [] [] [restartedMain] INFO  c.s.SuiviAcademiqueApplication - Starting SuiviAcademiqueApplication using Java 21.0.9 with PID 16676 (D:\MP4_EADL\autodidacte\15\suivie_academique\target\classes started by TRUMD in D:\MP4_EADL\autodidacte\15\suivie_academique)
2025-12-17 14:44:21.129 [] [] [] [restartedMain] INFO  c.s.SuiviAcademiqueApplication - The following 1 profile is active: "dev"
2025-12-17 14:44:21.403 [] [] [] [restartedMain] INFO  o.s.b.d.e.DevToolsPropertyDefaultsPostProcessor - Devtools property defaults active! Set 'spring.devtools.add-properties' to 'false' to disable
2025-12-17 14:44:21.403 [] [] [] [restartedMain] INFO  o.s.b.d.e.DevToolsPropertyDefaultsPostProcessor - For additional web related logging consider setting the 'logging.level.web' property to 'DEBUG'
2025-12-17 14:44:25.753 [] [] [] [restartedMain] INFO  o.s.d.r.c.RepositoryConfigurationDelegate - Bootstrapping Spring Data JPA repositories in DEFAULT mode.
2025-12-17 14:44:26.034 [] [] [] [restartedMain] INFO  o.s.d.r.c.RepositoryConfigurationDelegate - Finished Spring Data repository scanning in 246 ms. Found 5 JPA repository interfaces.
2025-12-17 14:44:29.036 [] [] [] [restartedMain] INFO  o.s.b.w.e.tomcat.TomcatWebServer - Tomcat initialized with port 8089 (http)
2025-12-17 14:44:29.237 [] [] [] [restartedMain] INFO  o.s.b.w.s.c.ServletWebServerApplicationContext - Root WebApplicationContext: initialization completed in 7832 ms
2025-12-17 14:44:30.486 [] [] [] [restartedMain] INFO  o.h.jpa.internal.util.LogHelper - HHH000204: Processing PersistenceUnitInfo [name: default]
2025-12-17 14:44:30.622 [] [] [] [restartedMain] INFO  org.hibernate.Version - HHH000412: Hibernate ORM core version 6.6.33.Final
2025-12-17 14:44:30.721 [] [] [] [restartedMain] INFO  o.h.c.i.RegionFactoryInitiator - HHH000026: Second-level cache disabled
2025-12-17 14:44:31.470 [] [] [] [restartedMain] INFO  o.s.o.j.p.SpringPersistenceUnitInfo - No LoadTimeWeaver setup: ignoring JPA class transformer
2025-12-17 14:44:31.541 [] [] [] [restartedMain] INFO  com.zaxxer.hikari.HikariDataSource - HikariPool-1 - Starting...
2025-12-17 14:44:32.258 [] [] [] [restartedMain] INFO  com.zaxxer.hikari.pool.HikariPool - HikariPool-1 - Added connection com.mysql.cj.jdbc.ConnectionImpl@e4c029
2025-12-17 14:44:32.261 [] [] [] [restartedMain] INFO  com.zaxxer.hikari.HikariDataSource - HikariPool-1 - Start completed.
2025-12-17 14:44:32.401 [] [] [] [restartedMain] INFO  o.hibernate.orm.connections.pooling - HHH10001005: Database info:
	Database JDBC URL [Connecting through datasource 'HikariDataSource (HikariPool-1)']
	Database driver: undefined/unknown
	Database version: 5.5.5
	Autocommit mode: undefined/unknown
	Isolation level: undefined/unknown
	Minimum pool size: undefined/unknown
	Maximum pool size: undefined/unknown
2025-12-17 14:44:40.338 [] [] [] [background-preinit] INFO  o.h.validator.internal.util.Version - HV000001: Hibernate Validator 8.0.3.Final
2025-12-17 14:44:40.517 [] [] [] [restartedMain] INFO  c.s.SuiviAcademiqueApplication - Starting SuiviAcademiqueApplication using Java 21.0.9 with PID 2660 (D:\MP4_EADL\autodidacte\15\suivie_academique\target\classes started by TRUMD in D:\MP4_EADL\autodidacte\15\suivie_academique)
2025-12-17 14:44:40.521 [] [] [] [restartedMain] INFO  c.s.SuiviAcademiqueApplication - The following 1 profile is active: "dev"
2025-12-17 14:44:40.696 [] [] [] [restartedMain] INFO  o.s.b.d.e.DevToolsPropertyDefaultsPostProcessor - Devtools property defaults active! Set 'spring.devtools.add-properties' to 'false' to disable
2025-12-17 14:44:40.696 [] [] [] [restartedMain] INFO  o.s.b.d.e.DevToolsPropertyDefaultsPostProcessor - For additional web related logging consider setting the 'logging.level.web' property to 'DEBUG'
2025-12-17 14:44:44.186 [] [] [] [restartedMain] INFO  o.s.d.r.c.RepositoryConfigurationDelegate - Bootstrapping Spring Data JPA repositories in DEFAULT mode.
2025-12-17 14:44:44.446 [] [] [] [restartedMain] INFO  o.s.d.r.c.RepositoryConfigurationDelegate - Finished Spring Data repository scanning in 233 ms. Found 5 JPA repository interfaces.
2025-12-17 14:44:47.198 [] [] [] [restartedMain] INFO  o.s.b.w.e.tomcat.TomcatWebServer - Tomcat initialized with port 8089 (http)
2025-12-17 14:44:47.231 [] [] [] [restartedMain] INFO  o.a.coyote.http11.Http11NioProtocol - Initializing ProtocolHandler ["http-nio-8089"]
2025-12-17 14:44:47.236 [] [] [] [restartedMain] INFO  o.a.catalina.core.StandardService - Starting service [Tomcat]
2025-12-17 14:44:47.236 [] [] [] [restartedMain] INFO  o.a.catalina.core.StandardEngine - Starting Servlet engine: [Apache Tomcat/10.1.48]
2025-12-17 14:44:47.389 [] [] [] [restartedMain] INFO  o.a.c.c.C.[Tomcat].[localhost].[/] - Initializing Spring embedded WebApplicationContext
2025-12-17 14:44:47.389 [] [] [] [restartedMain] INFO  o.s.b.w.s.c.ServletWebServerApplicationContext - Root WebApplicationContext: initialization completed in 6691 ms
2025-12-17 14:44:48.464 [] [] [] [restartedMain] INFO  o.h.jpa.internal.util.LogHelper - HHH000204: Processing PersistenceUnitInfo [name: default]
2025-12-17 14:44:48.656 [] [] [] [restartedMain] INFO  org.hibernate.Version - HHH000412: Hibernate ORM core version 6.6.33.Final
2025-12-17 14:44:48.764 [] [] [] [restartedMain] INFO  o.h.c.i.RegionFactoryInitiator - HHH000026: Second-level cache disabled
2025-12-17 14:44:49.618 [] [] [] [restartedMain] INFO  o.s.o.j.p.SpringPersistenceUnitInfo - No LoadTimeWeaver setup: ignoring JPA class transformer
2025-12-17 14:44:49.689 [] [] [] [restartedMain] INFO  com.zaxxer.hikari.HikariDataSource - HikariPool-1 - Starting...
2025-12-17 14:44:50.113 [] [] [] [restartedMain] INFO  com.zaxxer.hikari.pool.HikariPool - HikariPool-1 - Added connection com.mysql.cj.jdbc.ConnectionImpl@351e9599
2025-12-17 14:44:50.116 [] [] [] [restartedMain] INFO  com.zaxxer.hikari.HikariDataSource - HikariPool-1 - Start completed.
2025-12-17 14:44:50.228 [] [] [] [restartedMain] INFO  o.hibernate.orm.connections.pooling - HHH10001005: Database info:
	Database JDBC URL [Connecting through datasource 'HikariDataSource (HikariPool-1)']
	Database driver: undefined/unknown
	Database version: 5.5.5
	Autocommit mode: undefined/unknown
	Isolation level: undefined/unknown
	Minimum pool size: undefined/unknown
	Maximum pool size: undefined/unknown
2025-12-17 14:44:52.683 [] [] [] [restartedMain] INFO  o.h.e.t.j.p.i.JtaPlatformInitiator - HHH000489: No JTA platform available (set 'hibernate.transaction.jta.platform' to enable JTA platform integration)
2025-12-17 14:44:53.708 [] [] [] [restartedMain] INFO  o.s.o.j.LocalContainerEntityManagerFactoryBean - Initialized JPA EntityManagerFactory for persistence unit 'default'
2025-12-17 14:44:54.632 [] [] [] [restartedMain] INFO  o.s.d.j.r.query.QueryEnhancerFactory - Hibernate is in classpath; If applicable, HQL parser will be used.
2025-12-17 14:44:57.836 [] [] [] [restartedMain] INFO  o.s.s.c.a.a.c.InitializeAuthenticationProviderBeanManagerConfigurer$InitializeAuthenticationProviderManagerConfigurer - Global AuthenticationManager configured with AuthenticationProvider bean with name authenticationProvider
2025-12-17 14:45:01.916 [] [] [] [restartedMain] INFO  o.s.b.a.e.web.EndpointLinksResolver - Exposing 1 endpoint beneath base path '/actuator'
2025-12-17 14:45:04.340 [] [] [] [restartedMain] INFO  o.s.b.d.a.OptionalLiveReloadServer - LiveReload server is running on port 35729
2025-12-17 14:45:04.528 [] [] [] [restartedMain] INFO  o.a.coyote.http11.Http11NioProtocol - Starting ProtocolHandler ["http-nio-8089"]
2025-12-17 14:45:04.624 [] [] [] [restartedMain] INFO  o.s.b.w.e.tomcat.TomcatWebServer - Tomcat started on port 8089 (http) with context path '/'
2025-12-17 14:45:04.658 [] [] [] [restartedMain] INFO  c.s.SuiviAcademiqueApplication - Started SuiviAcademiqueApplication in 25.856 seconds (process running for 27.11)
2025-12-17 14:45:50.191 [] [] [] [http-nio-8089-exec-1] INFO  o.a.c.c.C.[Tomcat].[localhost].[/] - Initializing Spring DispatcherServlet 'dispatcherServlet'
2025-12-17 14:45:50.194 [] [] [] [http-nio-8089-exec-1] INFO  o.s.web.servlet.DispatcherServlet - Initializing Servlet 'dispatcherServlet'
2025-12-17 14:45:50.203 [] [] [] [http-nio-8089-exec-1] INFO  o.s.web.servlet.DispatcherServlet - Completed initialization in 8 ms
2025-12-17 14:45:50.414 [ANONYME] [0:0:0:0:0:0:0:1] [de23b6d4] [http-nio-8089-exec-1] INFO  c.s.config.LoggingFilter - 🚀 GET /swagger-ui/index.html | IP:0:0:0:0:0:0:0:1 | User:ANONYME | ID:de23b6d4
2025-12-17 14:45:50.624 [ANONYME] [0:0:0:0:0:0:0:1] [d4148220] [http-nio-8089-exec-3] INFO  c.s.config.LoggingFilter - 🚀 GET /swagger-ui/swagger-ui.css | IP:0:0:0:0:0:0:0:1 | User:ANONYME | ID:d4148220
2025-12-17 14:45:50.649 [ANONYME] [0:0:0:0:0:0:0:1] [af9fef71] [http-nio-8089-exec-2] INFO  c.s.config.LoggingFilter - 🚀 GET /swagger-ui/swagger-ui-bundle.js | IP:0:0:0:0:0:0:0:1 | User:ANONYME | ID:af9fef71
2025-12-17 14:45:50.649 [ANONYME] [0:0:0:0:0:0:0:1] [15d24376] [http-nio-8089-exec-5] INFO  c.s.config.LoggingFilter - 🚀 GET /swagger-ui/swagger-ui-standalone-preset.js | IP:0:0:0:0:0:0:0:1 | User:ANONYME | ID:15d24376
2025-12-17 14:45:50.649 [ANONYME] [0:0:0:0:0:0:0:1] [ef323885] [http-nio-8089-exec-7] INFO  c.s.config.LoggingFilter - 🚀 GET /swagger-ui/swagger-initializer.js | IP:0:0:0:0:0:0:0:1 | User:ANONYME | ID:ef323885
2025-12-17 14:45:50.654 [ANONYME] [0:0:0:0:0:0:0:1] [3ab71e68] [http-nio-8089-exec-4] INFO  c.s.config.LoggingFilter - 🚀 GET /swagger-ui/index.css | IP:0:0:0:0:0:0:0:1 | User:ANONYME | ID:3ab71e68
2025-12-17 14:45:50.988 [ANONYME] [0:0:0:0:0:0:0:1] [d5b0f9f3] [http-nio-8089-exec-8] INFO  c.s.config.LoggingFilter - 🚀 GET /v3/api-docs/swagger-config | IP:0:0:0:0:0:0:0:1 | User:ANONYME | ID:d5b0f9f3
2025-12-17 14:45:51.034 [ANONYME] [0:0:0:0:0:0:0:1] [d5b0f9f3] [http-nio-8089-exec-8] INFO  c.s.config.LoggingAspect - 📥 Requête entrante: GET /v3/api-docs/swagger-config | Méthode: org.springdoc.webmvc.ui.SwaggerConfigResource.openapiJson | Paramètres: [SecurityContextHolderAwareRequestWrapper[ org.springframework.security.web.header.HeaderWriterFilter$HeaderWriterRequest@1a6824f9]]
2025-12-17 14:45:51.036 [ANONYME] [0:0:0:0:0:0:0:1] [d5b0f9f3] [http-nio-8089-exec-8] INFO  c.s.config.LoggingAspect - 📤 Réponse envoyée: org.springdoc.webmvc.ui.SwaggerConfigResource.openapiJson | Résultat: SynchronizedSortedMap
2025-12-17 14:45:51.054 [ANONYME] [0:0:0:0:0:0:0:1] [17b48c69] [http-nio-8089-exec-6] INFO  c.s.config.LoggingFilter - 🚀 GET /swagger-ui/favicon-32x32.png | IP:0:0:0:0:0:0:0:1 | User:ANONYME | ID:17b48c69
2025-12-17 14:45:51.173 [ANONYME] [0:0:0:0:0:0:0:1] [0b5ce82c] [http-nio-8089-exec-9] INFO  c.s.config.LoggingFilter - 🚀 GET /v3/api-docs | IP:0:0:0:0:0:0:0:1 | User:ANONYME | ID:0b5ce82c
2025-12-17 14:45:51.231 [ANONYME] [0:0:0:0:0:0:0:1] [0b5ce82c] [http-nio-8089-exec-9] INFO  c.s.config.LoggingAspect - 📥 Requête entrante: GET /v3/api-docs | Méthode: org.springdoc.webmvc.api.OpenApiWebMvcResource.openapiJson | Paramètres: [SecurityContextHolderAwareRequestWrapper[ org.springframework.security.web.header.HeaderWriterFilter$HeaderWriterRequest@7b330063], /v3/api-docs, fr]
2025-12-17 14:45:53.771 [ANONYME] [0:0:0:0:0:0:0:1] [0b5ce82c] [http-nio-8089-exec-9] INFO  o.s.api.AbstractOpenApiResource - Init duration for springdoc-openapi is: 2537 ms
2025-12-17 14:45:53.856 [ANONYME] [0:0:0:0:0:0:0:1] [0b5ce82c] [http-nio-8089-exec-9] INFO  c.s.config.LoggingAspect - 📤 Réponse envoyée: org.springdoc.webmvc.api.OpenApiWebMvcResource.openapiJson | Résultat: byte[]
2025-12-17 15:21:02.054 [] [] [] [SpringApplicationShutdownHook] INFO  o.s.b.w.e.tomcat.GracefulShutdown - Commencing graceful shutdown. Waiting for active requests to complete
2025-12-17 15:21:02.197 [] [] [] [tomcat-shutdown] INFO  o.s.b.w.e.tomcat.GracefulShutdown - Graceful shutdown complete
2025-12-17 15:21:02.331 [] [] [] [SpringApplicationShutdownHook] INFO  o.s.o.j.LocalContainerEntityManagerFactoryBean - Closing JPA EntityManagerFactory for persistence unit 'default'
2025-12-17 15:21:02.403 [] [] [] [SpringApplicationShutdownHook] INFO  com.zaxxer.hikari.HikariDataSource - HikariPool-1 - Shutdown initiated...
2025-12-17 15:21:02.433 [] [] [] [SpringApplicationShutdownHook] INFO  com.zaxxer.hikari.HikariDataSource - HikariPool-1 - Shutdown completed.
2025-12-17 15:21:14.521 [] [] [] [background-preinit] INFO  o.h.validator.internal.util.Version - HV000001: Hibernate Validator 8.0.3.Final
2025-12-17 15:21:14.652 [] [] [] [restartedMain] INFO  c.s.SuiviAcademiqueApplication - Starting SuiviAcademiqueApplication using Java 21.0.9 with PID 8136 (D:\MP4_EADL\autodidacte\15\suivie_academique\target\classes started by TRUMD in D:\MP4_EADL\autodidacte\15\suivie_academique)
2025-12-17 15:21:14.654 [] [] [] [restartedMain] INFO  c.s.SuiviAcademiqueApplication - The following 1 profile is active: "test"
2025-12-17 15:21:14.767 [] [] [] [restartedMain] INFO  o.s.b.d.e.DevToolsPropertyDefaultsPostProcessor - Devtools property defaults active! Set 'spring.devtools.add-properties' to 'false' to disable
2025-12-17 15:21:14.768 [] [] [] [restartedMain] INFO  o.s.b.d.e.DevToolsPropertyDefaultsPostProcessor - For additional web related logging consider setting the 'logging.level.web' property to 'DEBUG'
2025-12-17 15:21:18.885 [] [] [] [restartedMain] INFO  o.s.d.r.c.RepositoryConfigurationDelegate - Bootstrapping Spring Data JPA repositories in DEFAULT mode.
2025-12-17 15:21:19.125 [] [] [] [restartedMain] INFO  o.s.d.r.c.RepositoryConfigurationDelegate - Finished Spring Data repository scanning in 209 ms. Found 5 JPA repository interfaces.
2025-12-17 15:21:22.345 [] [] [] [restartedMain] INFO  o.s.b.w.e.tomcat.TomcatWebServer - Tomcat initialized with port 8090 (http)
2025-12-17 15:21:22.390 [] [] [] [restartedMain] INFO  o.a.coyote.http11.Http11NioProtocol - Initializing ProtocolHandler ["http-nio-8090"]
2025-12-17 15:21:22.394 [] [] [] [restartedMain] INFO  o.a.catalina.core.StandardService - Starting service [Tomcat]
2025-12-17 15:21:22.395 [] [] [] [restartedMain] INFO  o.a.catalina.core.StandardEngine - Starting Servlet engine: [Apache Tomcat/10.1.48]
2025-12-17 15:21:22.554 [] [] [] [restartedMain] INFO  o.a.c.c.C.[Tomcat].[localhost].[/] - Initializing Spring embedded WebApplicationContext
2025-12-17 15:21:22.555 [] [] [] [restartedMain] INFO  o.s.b.w.s.c.ServletWebServerApplicationContext - Root WebApplicationContext: initialization completed in 7785 ms
2025-12-17 15:21:23.882 [] [] [] [restartedMain] INFO  o.h.jpa.internal.util.LogHelper - HHH000204: Processing PersistenceUnitInfo [name: default]
2025-12-17 15:21:24.057 [] [] [] [restartedMain] INFO  org.hibernate.Version - HHH000412: Hibernate ORM core version 6.6.33.Final
2025-12-17 15:21:24.177 [] [] [] [restartedMain] INFO  o.h.c.i.RegionFactoryInitiator - HHH000026: Second-level cache disabled
2025-12-17 15:21:25.161 [] [] [] [restartedMain] INFO  o.s.o.j.p.SpringPersistenceUnitInfo - No LoadTimeWeaver setup: ignoring JPA class transformer
2025-12-17 15:21:25.334 [] [] [] [restartedMain] INFO  com.zaxxer.hikari.HikariDataSource - HikariPool-1 - Starting...
2025-12-17 15:21:26.177 [] [] [] [restartedMain] INFO  com.zaxxer.hikari.pool.HikariPool - HikariPool-1 - Added connection com.mysql.cj.jdbc.ConnectionImpl@7ce6c9a
2025-12-17 15:21:26.206 [] [] [] [restartedMain] INFO  com.zaxxer.hikari.HikariDataSource - HikariPool-1 - Start completed.
2025-12-17 15:21:26.593 [] [] [] [restartedMain] INFO  o.hibernate.orm.connections.pooling - HHH10001005: Database info:
	Database JDBC URL [Connecting through datasource 'HikariDataSource (HikariPool-1)']
	Database driver: undefined/unknown
	Database version: 5.5.5
	Autocommit mode: undefined/unknown
	Isolation level: undefined/unknown
	Minimum pool size: undefined/unknown
	Maximum pool size: undefined/unknown
2025-12-17 15:21:29.000 [] [] [] [restartedMain] INFO  o.h.e.t.j.p.i.JtaPlatformInitiator - HHH000489: No JTA platform available (set 'hibernate.transaction.jta.platform' to enable JTA platform integration)
2025-12-17 15:21:33.012 [] [] [] [restartedMain] INFO  o.s.o.j.LocalContainerEntityManagerFactoryBean - Initialized JPA EntityManagerFactory for persistence unit 'default'
2025-12-17 15:21:33.906 [] [] [] [restartedMain] INFO  o.s.d.j.r.query.QueryEnhancerFactory - Hibernate is in classpath; If applicable, HQL parser will be used.
2025-12-17 15:21:36.384 [] [] [] [restartedMain] INFO  o.s.s.c.a.a.c.InitializeAuthenticationProviderBeanManagerConfigurer$InitializeAuthenticationProviderManagerConfigurer - Global AuthenticationManager configured with AuthenticationProvider bean with name authenticationProvider
2025-12-17 15:21:39.353 [] [] [] [restartedMain] INFO  o.s.b.a.e.web.EndpointLinksResolver - Exposing 1 endpoint beneath base path '/actuator'
2025-12-17 15:21:41.239 [] [] [] [restartedMain] INFO  o.s.b.d.a.OptionalLiveReloadServer - LiveReload server is running on port 35729
2025-12-17 15:21:41.427 [] [] [] [restartedMain] INFO  o.a.coyote.http11.Http11NioProtocol - Starting ProtocolHandler ["http-nio-8090"]
2025-12-17 15:21:41.481 [] [] [] [restartedMain] INFO  o.s.b.w.e.tomcat.TomcatWebServer - Tomcat started on port 8090 (http) with context path '/'
2025-12-17 15:21:41.512 [] [] [] [restartedMain] INFO  c.s.SuiviAcademiqueApplication - Started SuiviAcademiqueApplication in 28.05 seconds (process running for 28.96)
2025-12-17 16:21:46.953 [] [] [] [SpringApplicationShutdownHook] INFO  o.s.b.w.e.tomcat.GracefulShutdown - Commencing graceful shutdown. Waiting for active requests to complete
2025-12-17 16:21:47.064 [] [] [] [tomcat-shutdown] INFO  o.s.b.w.e.tomcat.GracefulShutdown - Graceful shutdown complete
2025-12-17 16:21:47.138 [] [] [] [SpringApplicationShutdownHook] INFO  o.s.o.j.LocalContainerEntityManagerFactoryBean - Closing JPA EntityManagerFactory for persistence unit 'default'
2025-12-17 16:21:48.466 [] [] [] [SpringApplicationShutdownHook] INFO  com.zaxxer.hikari.HikariDataSource - HikariPool-1 - Shutdown initiated...
2025-12-17 16:21:48.487 [] [] [] [SpringApplicationShutdownHook] INFO  com.zaxxer.hikari.HikariDataSource - HikariPool-1 - Shutdown completed.
